ï»¿
> radio-cultura-portal@1.0.0 build
> next build

   Ă”Ă»â–“ Next.js 15.1.7

   Creating an optimized production build ...
> [PWA] Compile server
> [PWA] Compile server
> [PWA] Compile client (static)
> [PWA] Auto register service worker with: C:\Users\USUARIO\Desktop\Portal de Notâ”œÂ¡cias Râ”œĂ­dio Cultura FM 104.7\node_modules\next-pwa\register.js
> [PWA] Service worker: C:\Users\USUARIO\Desktop\Portal de Notâ”œÂ¡cias Râ”œĂ­dio Cultura FM 104.7\public\sw.js
> [PWA]   url: /sw.js
> [PWA]   scope: /
 Ă”Â£Ă´ Compiled successfully
   Linting and checking validity of types ...
   Collecting page data ...
   Generating static pages (0/11) ...
node.exe :  Ă”ĂœĂ¡ metadataBase property in metadata export is not set for resolving social open graph or twitter images, 
using "http://localhost:3000". See https://nextjs.org/docs/app/api-reference/functions/generate-metadata#metadatabase
No linha:1 caractere:1
+ & "C:\Program Files\nodejs/node.exe" "C:\Program Files\nodejs/node_mo ...
+ ~~~~~~~~~~~~~~~~~~~~~~~~~~~~~~~~~~~~~~~~~~~~~~~~~~~~~~~~~~~~~~~~~~~~~
    + CategoryInfo          : NotSpecified: ( Ă”ĂœĂ¡ metadataBa...ta#metadatabase:String) [], RemoteException
    + FullyQualifiedErrorId : NativeCommandError
 
Could not find files for /_error in .next/build-manifest.json
Could not find files for /_error in .next/build-manifest.json
Could not find files for /_error in .next/build-manifest.json
Could not find files for /_error in .next/build-manifest.json
   Generating static pages (2/11) 
   Generating static pages (5/11) 
(node:7720) [DEP0169] DeprecationWarning: `url.parse()` behavior is not standardized and prone to errors that have 
security implications. Use the WHATWG URL API instead. CVEs are not issued for `url.parse()` vulnerabilities.
(Use `node --trace-deprecation ...` to show where the warning was created)
   Generating static pages (8/11) 
TypeError: Cannot read properties of undefined (reading 'call')
    at Object.t [as require] (C:\Users\USUARIO\Desktop\Portal de Notâ”œÂ¡cias Râ”œĂ­dio Cultura FM 
104.7\.next\server\webpack-runtime.js:1:128)
    at JSON.parse (<anonymous>)
Error occurred prerendering page "/". Read more: https://nextjs.org/docs/messages/prerender-error
TypeError: Cannot read properties of undefined (reading 'call')
    at Object.t [as require] (C:\Users\USUARIO\Desktop\Portal de Notâ”œÂ¡cias Râ”œĂ­dio Cultura FM 
104.7\.next\server\webpack-runtime.js:1:128)
    at require (C:\Users\USUARIO\Desktop\Portal de Notâ”œÂ¡cias Râ”œĂ­dio Cultura FM 
104.7\node_modules\next\dist\compiled\next-server\app-page.runtime.prod.js:131:7946)
    at u (C:\Users\USUARIO\Desktop\Portal de Notâ”œÂ¡cias Râ”œĂ­dio Cultura FM 
104.7\node_modules\next\dist\compiled\next-server\app-page.runtime.prod.js:36:646)
    at F (C:\Users\USUARIO\Desktop\Portal de Notâ”œÂ¡cias Râ”œĂ­dio Cultura FM 
104.7\node_modules\next\dist\compiled\next-server\app-page.runtime.prod.js:36:10477)
    at W (C:\Users\USUARIO\Desktop\Portal de Notâ”œÂ¡cias Râ”œĂ­dio Cultura FM 
104.7\node_modules\next\dist\compiled\next-server\app-page.runtime.prod.js:36:13033)
    at C:\Users\USUARIO\Desktop\Portal de Notâ”œÂ¡cias Râ”œĂ­dio Cultura FM 
104.7\node_modules\next\dist\compiled\next-server\app-page.runtime.prod.js:36:15283
    at Z._fromJSON (C:\Users\USUARIO\Desktop\Portal de Notâ”œÂ¡cias Râ”œĂ­dio Cultura FM 
104.7\node_modules\next\dist\compiled\next-server\app-page.runtime.prod.js:36:15317)
    at JSON.parse (<anonymous>)
    at D (C:\Users\USUARIO\Desktop\Portal de Notâ”œÂ¡cias Râ”œĂ­dio Cultura FM 
104.7\node_modules\next\dist\compiled\next-server\app-page.runtime.prod.js:36:10201)
    at M (C:\Users\USUARIO\Desktop\Portal de Notâ”œÂ¡cias Râ”œĂ­dio Cultura FM 
104.7\node_modules\next\dist\compiled\next-server\app-page.runtime.prod.js:36:9518)
Export encountered an error on /page: /, exiting the build.
 Ă”Â¿Â» Next.js build worker exited with code: 1 and signal: null
